#
# A fatal error has been detected by the Java Runtime Environment:
#
#  EXCEPTION_ACCESS_VIOLATION (0xc0000005) at pc=0x00007ffee66476a0, pid=21028, tid=17768
#
# JRE version: OpenJDK Runtime Environment JBR-11.0.13.7-1751.21-jcef (11.0.13+7) (build 11.0.13+7-b1751.21)
# Java VM: OpenJDK 64-Bit Server VM JBR-11.0.13.7-1751.21-jcef (11.0.13+7-b1751.21, mixed mode, tiered, compressed oops, g1 gc, windows-amd64)
# Problematic frame:
# C  [nvoglv64.dll+0x9176a0]
#
# No core dump will be written. Minidumps are not enabled by default on client versions of Windows
#
# If you would like to submit a bug report, please visit:
#   https://bugreport.java.com/bugreport/crash.jsp
# The crash happened outside the Java Virtual Machine in native code.
# See problematic frame for where to report the bug.
#

---------------  S U M M A R Y ------------

Command Line: -Dfile.encoding=windows-1252 -Duser.country=US -Duser.language=en -Duser.variant Main

Host: AMD Ryzen 5 2600X Six-Core Processor           , 12 cores, 15G,  Windows 10 , 64 bit Build 19041 (10.0.19041.1706)
Time: Sun May 15 16:38:15 2022 Bangladesh Standard Time elapsed time: 1.192458 seconds (0d 0h 0m 1s)

---------------  T H R E A D  ---------------

Current thread (0x00000280f140e000):  JavaThread "main" [_thread_in_native, id=17768, stack(0x000000e4ca600000,0x000000e4ca700000)]

Stack: [0x000000e4ca600000,0x000000e4ca700000],  sp=0x000000e4ca6fed40,  free space=1019k
Native frames: (J=compiled Java code, j=interpreted, Vv=VM code, C=native code)
C  [nvoglv64.dll+0x9176a0]

Java frames: (J=compiled Java code, j=interpreted, Vv=VM code)
j  org.lwjgl.opengl.GL11C.nglDrawElements(IIIJ)V+0
j  org.lwjgl.opengl.GL11C.glDrawElements(IIIJ)V+4
j  org.lwjgl.opengl.GL11.glDrawElements(IIIJ)V+4
j  renderer.RenderBatch.render()V+198
j  renderer.Renderer.render()V+30
j  odd.LevelEditorScene.update(F)V+41
j  odd.Window.loop()V+55
j  odd.Window.run()V+19
j  Main.main([Ljava/lang/String;)V+5
v  ~StubRoutines::call_stub

siginfo: EXCEPTION_ACCESS_VIOLATION (0xc0000005), reading address 0x0000000000000000


Register to memory mapping:

RIP=0x00007ffee66476a0 nvoglv64.dll
RAX=0x0 is NULL
RBX=0x0 is NULL
RCX=0x00000000fffffd13 is an unknown value
RDX=0x00000280979b0f50 points into unknown readable memory: 0x00007ffee65d7f64 | 64 7f 5d e6 fe 7f 00 00
RSP=0x000000e4ca6fed40 is pointing into the stack for thread: 0x00000280f140e000
RBP=0x0000000000005dec is an unknown value
RSI=0x0000000000001770 is an unknown value
RDI=0x0000028094e1b080 points into unknown readable memory: 0x0000000000000000 | 00 00 00 00 00 00 00 00
R8 =0x0000000000000008 is an unknown value
R9 =0x00000280979b0f2c points into unknown readable memory: 06 60 ef 02
R10=0x00000280979b0f44 points into unknown readable memory: fe 7f 00 00
R11=0x00000000000002ed is an unknown value
R12=0x00000280979b0f50 points into unknown readable memory: 0x00007ffee65d7f64 | 64 7f 5d e6 fe 7f 00 00
R13=0x0000000000001405 is an unknown value
R14=0x0000000000005dc0 is an unknown value
R15=0x0 is NULL


Registers:
RAX=0x0000000000000000, RBX=0x0000000000000000, RCX=0x00000000fffffd13, RDX=0x00000280979b0f50
RSP=0x000000e4ca6fed40, RBP=0x0000000000005dec, RSI=0x0000000000001770, RDI=0x0000028094e1b080
R8 =0x0000000000000008, R9 =0x00000280979b0f2c, R10=0x00000280979b0f44, R11=0x00000000000002ed
R12=0x00000280979b0f50, R13=0x0000000000001405, R14=0x0000000000005dc0, R15=0x0000000000000000
RIP=0x00007ffee66476a0, EFLAGS=0x0000000000010293

Top of Stack: (sp=0x000000e4ca6fed40)
0x000000e4ca6fed40:   000000e4ca6fee60 00000280f13fa040
0x000000e4ca6fed50:   000000e4ca6ff4c8 00007fff0188c1fb
0x000000e4ca6fed60:   00000280f140e108 00000280f140e000
0x000000e4ca6fed70:   00000280f140e650 00000000000003d8
0x000000e4ca6fed80:   000002809ad56580 00000280f140e000
0x000000e4ca6fed90:   0000000000000000 0000000000000000
0x000000e4ca6feda0:   00000280f140e000 000002809ad56580
0x000000e4ca6fedb0:   0000000000000000 000002808000a527
0x000000e4ca6fedc0:   0000028097fdda70 000002808000f777
0x000000e4ca6fedd0:   000000e4ca6fee60 00007fff01693401
0x000000e4ca6fede0:   000000e4ca6feea0 000002809ad56580
0x000000e4ca6fedf0:   0000028000001405 0000000000000000
0x000000e4ca6fee00:   0000028097fdda70 00007fff0188c785
0x000000e4ca6fee10:   000002808000f416 000000e4ca6fee18
0x000000e4ca6fee20:   000002809ad56580 000000e4ca6feea0
0x000000e4ca6fee30:   000002809ad612d0 0000000000000000 

Instructions: (pc=0x00007ffee66476a0)
0x00007ffee66475a0:   90 00 00 00 4c 8b b4 24 a0 00 00 00 48 8b 9c 24
0x00007ffee66475b0:   a8 00 00 00 48 83 c4 60 41 5f 41 5d 41 5c 5f 5e
0x00007ffee66475c0:   c3 4c 8b 4f 40 8b c3 48 8b 4f 50 49 2b c9 48 c1
0x00007ffee66475d0:   f9 02 85 c9 0f 49 c1 c1 e0 02 3b e8 72 0e 8b d5
0x00007ffee66475e0:   48 8b cf e8 d8 3d 21 00 4c 8b 4f 40 8b c5 45 89
0x00007ffee66475f0:   61 04 c1 e0 0b 83 c8 06 41 89 71 08 41 89 01 45
0x00007ffee6647600:   89 69 0c 4d 89 79 10 38 9c 24 98 00 00 00 0f 84
0x00007ffee6647610:   15 01 00 00 4c 8b 57 40 41 8d 4f 0f 83 e1 f0 49
0x00007ffee6647620:   83 c2 18 41 2b cf 0f 57 db d1 f9 49 8b c7 44 8b
0x00007ffee6647630:   c6 66 0f 7f 5c 24 50 49 8d 52 04 03 ca 49 8d 52
0x00007ffee6647640:   04 f7 d9 83 e1 0f 48 03 d1 4c 8b e2 41 f6 c7 0f
0x00007ffee6647650:   74 1b 45 85 c0 74 16 8b 08 41 ff c8 66 89 0a 0b
0x00007ffee6647660:   d9 48 83 c2 02 48 83 c0 04 a8 0f 75 e5 41 83 f8
0x00007ffee6647670:   08 7e 71 66 0f 6f 25 85 4e 9f 01 41 8d 48 f7 66
0x00007ffee6647680:   0f 6f 2d 89 4e 9f 01 c1 e9 03 ff c1 44 8b d9 f7
0x00007ffee6647690:   d9 45 8d 04 c8 66 66 66 0f 1f 84 00 00 00 00 00
0x00007ffee66476a0:   f3 0f 6f 10 f3 0f 6f 48 10 66 0f 6f c2 66 0f eb
0x00007ffee66476b0:   c3 48 83 c0 20 66 0f 6f d8 66 0f eb d9 0f 18 00
0x00007ffee66476c0:   66 0f fe d4 66 0f fe cc 66 0f 6b d1 66 0f fd d5
0x00007ffee66476d0:   f3 0f 7f 12 48 83 c2 10 49 83 eb 01 75 c2 66 0f
0x00007ffee66476e0:   7f 5c 24 50 8b 4c 24 5c 0b 4c 24 58 0b 4c 24 54
0x00007ffee66476f0:   0b 4c 24 50 0b d9 45 85 c0 74 1a 0f 1f 44 00 00
0x00007ffee6647700:   8b 08 0b d9 66 89 0a 48 8d 52 02 48 8d 40 04 41
0x00007ffee6647710:   83 e8 01 75 eb 45 2b e2 45 89 22 f7 c3 00 00 ff
0x00007ffee6647720:   ff 74 46 ff 87 ec ef 55 00 48 8b 5f 40 49 8b d7
0x00007ffee6647730:   4d 63 c6 48 8d 4b 1c e8 04 37 95 00 c7 43 18 04
0x00007ffee6647740:   00 00 00 48 63 c5 48 83 e0 fc 48 01 47 40 48 8b
0x00007ffee6647750:   47 40 48 3b 47 48 0f 82 40 fe ff ff 48 8b cf e8
0x00007ffee6647760:   8c 38 21 00 e9 33 fe ff ff 41 c7 41 0c 03 14 00
0x00007ffee6647770:   00 41 8b 2a 48 8b 47 40 83 c5 03 8d 6c 75 00 83
0x00007ffee6647780:   e5 fc 83 c5 18 8b cd c1 e1 0b 83 c9 06 89 08 8b
0x00007ffee6647790:   87 ec ef 55 00 85 c0 74 aa ff c8 89 87 ec ef 55 


Stack slot to memory mapping:
stack at sp + 0 slots: 0x000000e4ca6fee60 is pointing into the stack for thread: 0x00000280f140e000
stack at sp + 1 slots: 0x00000280f13fa040 points into unknown readable memory: 0x0000003c00000001 | 01 00 00 00 3c 00 00 00
stack at sp + 2 slots: 0x000000e4ca6ff4c8 is pointing into the stack for thread: 0x00000280f140e000
stack at sp + 3 slots: 0x00007fff0188c1fb jvm.dll
stack at sp + 4 slots: 0x00000280f140e108 points into unknown readable memory: 0x00000280f14f1000 | 00 10 4f f1 80 02 00 00
stack at sp + 5 slots: 0x00000280f140e000 is a thread
stack at sp + 6 slots: 0x00000280f140e650 points into unknown readable memory: 0x00007fff01cda4e8 | e8 a4 cd 01 ff 7f 00 00
stack at sp + 7 slots: 0x00000000000003d8 is an unknown value


---------------  P R O C E S S  ---------------

Threads class SMR info:
_java_thread_list=0x0000028097e81c20, length=11, elements={
0x00000280f140e000, 0x00000280ffa4e800, 0x00000280ffae2000, 0x00000280ffb5e800,
0x00000280ffb60800, 0x00000280ffb61800, 0x00000280ffb65000, 0x00000280ffb72000,
0x00000280ffb7e000, 0x00000280ffd2a000, 0x0000028097e25800
}

Java Threads: ( => current thread )
=>0x00000280f140e000 JavaThread "main" [_thread_in_native, id=17768, stack(0x000000e4ca600000,0x000000e4ca700000)]
  0x00000280ffa4e800 JavaThread "Reference Handler" daemon [_thread_blocked, id=1164, stack(0x000000e4cad00000,0x000000e4cae00000)]
  0x00000280ffae2000 JavaThread "Finalizer" daemon [_thread_blocked, id=8516, stack(0x000000e4cae00000,0x000000e4caf00000)]
  0x00000280ffb5e800 JavaThread "Signal Dispatcher" daemon [_thread_blocked, id=1384, stack(0x000000e4caf00000,0x000000e4cb000000)]
  0x00000280ffb60800 JavaThread "Attach Listener" daemon [_thread_blocked, id=17468, stack(0x000000e4cb000000,0x000000e4cb100000)]
  0x00000280ffb61800 JavaThread "Service Thread" daemon [_thread_blocked, id=4536, stack(0x000000e4cb100000,0x000000e4cb200000)]
  0x00000280ffb65000 JavaThread "C2 CompilerThread0" daemon [_thread_blocked, id=21520, stack(0x000000e4cb200000,0x000000e4cb300000)]
  0x00000280ffb72000 JavaThread "C1 CompilerThread0" daemon [_thread_blocked, id=17792, stack(0x000000e4cb300000,0x000000e4cb400000)]
  0x00000280ffb7e000 JavaThread "Sweeper thread" daemon [_thread_blocked, id=18148, stack(0x000000e4cb400000,0x000000e4cb500000)]
  0x00000280ffd2a000 JavaThread "Common-Cleaner" daemon [_thread_blocked, id=6068, stack(0x000000e4cb600000,0x000000e4cb700000)]
  0x0000028097e25800 JavaThread "C2 CompilerThread1" daemon [_thread_blocked, id=15244, stack(0x000000e4cbd00000,0x000000e4cbe00000)]

Other Threads:
  0x00000280ffa4d800 VMThread "VM Thread" [stack: 0x000000e4cac00000,0x000000e4cad00000] [id=12892]
  0x00000280ffd1c000 WatcherThread [stack: 0x000000e4cb500000,0x000000e4cb600000] [id=22124]
  0x00000280f1428800 GCTaskThread "GC Thread#0" [stack: 0x000000e4ca700000,0x000000e4ca800000] [id=14936]
  0x0000028097eb6800 GCTaskThread "GC Thread#1" [stack: 0x000000e4cbf00000,0x000000e4cc000000] [id=8088]
  0x0000028097eb9000 GCTaskThread "GC Thread#2" [stack: 0x000000e4cc000000,0x000000e4cc100000] [id=20688]
  0x0000028097eb9800 GCTaskThread "GC Thread#3" [stack: 0x000000e4cc100000,0x000000e4cc200000] [id=20092]
  0x0000028097eb4800 GCTaskThread "GC Thread#4" [stack: 0x000000e4cc200000,0x000000e4cc300000] [id=20596]
  0x0000028097eb5000 GCTaskThread "GC Thread#5" [stack: 0x000000e4cc300000,0x000000e4cc400000] [id=21272]
  0x00000280f1485000 ConcurrentGCThread "G1 Main Marker" [stack: 0x000000e4ca800000,0x000000e4ca900000] [id=21120]
  0x00000280f1488800 ConcurrentGCThread "G1 Conc#0" [stack: 0x000000e4ca900000,0x000000e4caa00000] [id=14400]
  0x00000280ff93b800 ConcurrentGCThread "G1 Refine#0" [stack: 0x000000e4caa00000,0x000000e4cab00000] [id=7292]
  0x00000280ff93d800 ConcurrentGCThread "G1 Young RemSet Sampling" [stack: 0x000000e4cab00000,0x000000e4cac00000] [id=16348]

Threads with active compile tasks:

VM state:not at safepoint (normal execution)

VM Mutex/Monitor currently owned by a thread: None

Heap address: 0x0000000701000000, size: 4080 MB, Compressed Oops mode: Zero based, Oop shift amount: 3
Narrow klass base: 0x0000000800000000, Narrow klass shift: 0
Compressed class space size: 1073741824 Address: 0x0000000800000000

Heap:
 garbage-first heap   total 262144K, used 9682K [0x0000000701000000, 0x0000000800000000)
  region size 1024K, 10 young (10240K), 3 survivors (3072K)
 Metaspace       used 14781K, capacity 14981K, committed 15232K, reserved 1062912K
  class space    used 972K, capacity 1060K, committed 1152K, reserved 1048576K
Heap Regions: E=young(eden), S=young(survivor), O=old, HS=humongous(starts), HC=humongous(continues), CS=collection set, F=free, A=archive, TAMS=top-at-mark-start (previous, next)
|   0|0x0000000701000000, 0x0000000701074800, 0x0000000701100000| 45%| O|  |TAMS 0x0000000701000000, 0x0000000701000000| Untracked 
|   1|0x0000000701100000, 0x0000000701100000, 0x0000000701200000|  0%| F|  |TAMS 0x0000000701100000, 0x0000000701100000| Untracked 
|   2|0x0000000701200000, 0x0000000701200000, 0x0000000701300000|  0%| F|  |TAMS 0x0000000701200000, 0x0000000701200000| Untracked 
|   3|0x0000000701300000, 0x0000000701300000, 0x0000000701400000|  0%| F|  |TAMS 0x0000000701300000, 0x0000000701300000| Untracked 
|   4|0x0000000701400000, 0x0000000701400000, 0x0000000701500000|  0%| F|  |TAMS 0x0000000701400000, 0x0000000701400000| Untracked 
|   5|0x0000000701500000, 0x0000000701500000, 0x0000000701600000|  0%| F|  |TAMS 0x0000000701500000, 0x0000000701500000| Untracked 
|   6|0x0000000701600000, 0x0000000701600000, 0x0000000701700000|  0%| F|  |TAMS 0x0000000701600000, 0x0000000701600000| Untracked 
|   7|0x0000000701700000, 0x0000000701700000, 0x0000000701800000|  0%| F|  |TAMS 0x0000000701700000, 0x0000000701700000| Untracked 
|   8|0x0000000701800000, 0x0000000701800000, 0x0000000701900000|  0%| F|  |TAMS 0x0000000701800000, 0x0000000701800000| Untracked 
|   9|0x0000000701900000, 0x0000000701900000, 0x0000000701a00000|  0%| F|  |TAMS 0x0000000701900000, 0x0000000701900000| Untracked 
|  10|0x0000000701a00000, 0x0000000701a00000, 0x0000000701b00000|  0%| F|  |TAMS 0x0000000701a00000, 0x0000000701a00000| Untracked 
|  11|0x0000000701b00000, 0x0000000701b00000, 0x0000000701c00000|  0%| F|  |TAMS 0x0000000701b00000, 0x0000000701b00000| Untracked 
|  12|0x0000000701c00000, 0x0000000701c00000, 0x0000000701d00000|  0%| F|  |TAMS 0x0000000701c00000, 0x0000000701c00000| Untracked 
|  13|0x0000000701d00000, 0x0000000701d00000, 0x0000000701e00000|  0%| F|  |TAMS 0x0000000701d00000, 0x0000000701d00000| Untracked 
|  14|0x0000000701e00000, 0x0000000701e00000, 0x0000000701f00000|  0%| F|  |TAMS 0x0000000701e00000, 0x0000000701e00000| Untracked 
|  15|0x0000000701f00000, 0x0000000701f00000, 0x0000000702000000|  0%| F|  |TAMS 0x0000000701f00000, 0x0000000701f00000| Untracked 
|  16|0x0000000702000000, 0x0000000702000000, 0x0000000702100000|  0%| F|  |TAMS 0x0000000702000000, 0x0000000702000000| Untracked 
|  17|0x0000000702100000, 0x0000000702100000, 0x0000000702200000|  0%| F|  |TAMS 0x0000000702100000, 0x0000000702100000| Untracked 
|  18|0x0000000702200000, 0x0000000702200000, 0x0000000702300000|  0%| F|  |TAMS 0x0000000702200000, 0x0000000702200000| Untracked 
|  19|0x0000000702300000, 0x0000000702300000, 0x0000000702400000|  0%| F|  |TAMS 0x0000000702300000, 0x0000000702300000| Untracked 
|  20|0x0000000702400000, 0x0000000702400000, 0x0000000702500000|  0%| F|  |TAMS 0x0000000702400000, 0x0000000702400000| Untracked 
|  21|0x0000000702500000, 0x0000000702500000, 0x0000000702600000|  0%| F|  |TAMS 0x0000000702500000, 0x0000000702500000| Untracked 
|  22|0x0000000702600000, 0x0000000702600000, 0x0000000702700000|  0%| F|  |TAMS 0x0000000702600000, 0x0000000702600000| Untracked 
|  23|0x0000000702700000, 0x0000000702700000, 0x0000000702800000|  0%| F|  |TAMS 0x0000000702700000, 0x0000000702700000| Untracked 
|  24|0x0000000702800000, 0x0000000702800000, 0x0000000702900000|  0%| F|  |TAMS 0x0000000702800000, 0x0000000702800000| Untracked 
|  25|0x0000000702900000, 0x0000000702900000, 0x0000000702a00000|  0%| F|  |TAMS 0x0000000702900000, 0x0000000702900000| Untracked 
|  26|0x0000000702a00000, 0x0000000702a00000, 0x0000000702b00000|  0%| F|  |TAMS 0x0000000702a00000, 0x0000000702a00000| Untracked 
|  27|0x0000000702b00000, 0x0000000702b00000, 0x0000000702c00000|  0%| F|  |TAMS 0x0000000702b00000, 0x0000000702b00000| Untracked 
|  28|0x0000000702c00000, 0x0000000702c00000, 0x0000000702d00000|  0%| F|  |TAMS 0x0000000702c00000, 0x0000000702c00000| Untracked 
|  29|0x0000000702d00000, 0x0000000702d00000, 0x0000000702e00000|  0%| F|  |TAMS 0x0000000702d00000, 0x0000000702d00000| Untracked 
|  30|0x0000000702e00000, 0x0000000702e00000, 0x0000000702f00000|  0%| F|  |TAMS 0x0000000702e00000, 0x0000000702e00000| Untracked 
|  31|0x0000000702f00000, 0x0000000702f00000, 0x0000000703000000|  0%| F|  |TAMS 0x0000000702f00000, 0x0000000702f00000| Untracked 
|  32|0x0000000703000000, 0x0000000703000000, 0x0000000703100000|  0%| F|  |TAMS 0x0000000703000000, 0x0000000703000000| Untracked 
|  33|0x0000000703100000, 0x0000000703100000, 0x0000000703200000|  0%| F|  |TAMS 0x0000000703100000, 0x0000000703100000| Untracked 
|  34|0x0000000703200000, 0x0000000703200000, 0x0000000703300000|  0%| F|  |TAMS 0x0000000703200000, 0x0000000703200000| Untracked 
|  35|0x0000000703300000, 0x0000000703300000, 0x0000000703400000|  0%| F|  |TAMS 0x0000000703300000, 0x0000000703300000| Untracked 
|  36|0x0000000703400000, 0x0000000703400000, 0x0000000703500000|  0%| F|  |TAMS 0x0000000703400000, 0x0000000703400000| Untracked 
|  37|0x0000000703500000, 0x0000000703500000, 0x0000000703600000|  0%| F|  |TAMS 0x0000000703500000, 0x0000000703500000| Untracked 
|  38|0x0000000703600000, 0x0000000703600000, 0x0000000703700000|  0%| F|  |TAMS 0x0000000703600000, 0x0000000703600000| Untracked 
|  39|0x0000000703700000, 0x0000000703700000, 0x0000000703800000|  0%| F|  |TAMS 0x0000000703700000, 0x0000000703700000| Untracked 
|  40|0x0000000703800000, 0x0000000703800000, 0x0000000703900000|  0%| F|  |TAMS 0x0000000703800000, 0x0000000703800000| Untracked 
|  41|0x0000000703900000, 0x0000000703900000, 0x0000000703a00000|  0%| F|  |TAMS 0x0000000703900000, 0x0000000703900000| Untracked 
|  42|0x0000000703a00000, 0x0000000703a00000, 0x0000000703b00000|  0%| F|  |TAMS 0x0000000703a00000, 0x0000000703a00000| Untracked 
|  43|0x0000000703b00000, 0x0000000703b00000, 0x0000000703c00000|  0%| F|  |TAMS 0x0000000703b00000, 0x0000000703b00000| Untracked 
|  44|0x0000000703c00000, 0x0000000703c00000, 0x0000000703d00000|  0%| F|  |TAMS 0x0000000703c00000, 0x0000000703c00000| Untracked 
|  45|0x0000000703d00000, 0x0000000703d00000, 0x0000000703e00000|  0%| F|  |TAMS 0x0000000703d00000, 0x0000000703d00000| Untracked 
|  46|0x0000000703e00000, 0x0000000703e00000, 0x0000000703f00000|  0%| F|  |TAMS 0x0000000703e00000, 0x0000000703e00000| Untracked 
|  47|0x0000000703f00000, 0x0000000703f00000, 0x0000000704000000|  0%| F|  |TAMS 0x0000000703f00000, 0x0000000703f00000| Untracked 
|  48|0x0000000704000000, 0x0000000704000000, 0x0000000704100000|  0%| F|  |TAMS 0x0000000704000000, 0x0000000704000000| Untracked 
|  49|0x0000000704100000, 0x0000000704100000, 0x0000000704200000|  0%| F|  |TAMS 0x0000000704100000, 0x0000000704100000| Untracked 
|  50|0x0000000704200000, 0x0000000704200000, 0x0000000704300000|  0%| F|  |TAMS 0x0000000704200000, 0x0000000704200000| Untracked 
|  51|0x0000000704300000, 0x0000000704300000, 0x0000000704400000|  0%| F|  |TAMS 0x0000000704300000, 0x0000000704300000| Untracked 
|  52|0x0000000704400000, 0x0000000704400000, 0x0000000704500000|  0%| F|  |TAMS 0x0000000704400000, 0x0000000704400000| Untracked 
|  53|0x0000000704500000, 0x0000000704500000, 0x0000000704600000|  0%| F|  |TAMS 0x0000000704500000, 0x0000000704500000| Untracked 
|  54|0x0000000704600000, 0x0000000704600000, 0x0000000704700000|  0%| F|  |TAMS 0x0000000704600000, 0x0000000704600000| Untracked 
|  55|0x0000000704700000, 0x0000000704700000, 0x0000000704800000|  0%| F|  |TAMS 0x0000000704700000, 0x0000000704700000| Untracked 
|  56|0x0000000704800000, 0x0000000704800000, 0x0000000704900000|  0%| F|  |TAMS 0x0000000704800000, 0x0000000704800000| Untracked 
|  57|0x0000000704900000, 0x0000000704900000, 0x0000000704a00000|  0%| F|  |TAMS 0x0000000704900000, 0x0000000704900000| Untracked 
|  58|0x0000000704a00000, 0x0000000704a00000, 0x0000000704b00000|  0%| F|  |TAMS 0x0000000704a00000, 0x0000000704a00000| Untracked 
|  59|0x0000000704b00000, 0x0000000704b00000, 0x0000000704c00000|  0%| F|  |TAMS 0x0000000704b00000, 0x0000000704b00000| Untracked 
|  60|0x0000000704c00000, 0x0000000704c00000, 0x0000000704d00000|  0%| F|  |TAMS 0x0000000704c00000, 0x0000000704c00000| Untracked 
|  61|0x0000000704d00000, 0x0000000704d00000, 0x0000000704e00000|  0%| F|  |TAMS 0x0000000704d00000, 0x0000000704d00000| Untracked 
|  62|0x0000000704e00000, 0x0000000704e00000, 0x0000000704f00000|  0%| F|  |TAMS 0x0000000704e00000, 0x0000000704e00000| Untracked 
|  63|0x0000000704f00000, 0x0000000704f00000, 0x0000000705000000|  0%| F|  |TAMS 0x0000000704f00000, 0x0000000704f00000| Untracked 
|  64|0x0000000705000000, 0x0000000705000000, 0x0000000705100000|  0%| F|  |TAMS 0x0000000705000000, 0x0000000705000000| Untracked 
|  65|0x0000000705100000, 0x0000000705100000, 0x0000000705200000|  0%| F|  |TAMS 0x0000000705100000, 0x0000000705100000| Untracked 
|  66|0x0000000705200000, 0x0000000705200000, 0x0000000705300000|  0%| F|  |TAMS 0x0000000705200000, 0x0000000705200000| Untracked 
|  67|0x0000000705300000, 0x0000000705300000, 0x0000000705400000|  0%| F|  |TAMS 0x0000000705300000, 0x0000000705300000| Untracked 
|  68|0x0000000705400000, 0x0000000705400000, 0x0000000705500000|  0%| F|  |TAMS 0x0000000705400000, 0x0000000705400000| Untracked 
|  69|0x0000000705500000, 0x0000000705500000, 0x0000000705600000|  0%| F|  |TAMS 0x0000000705500000, 0x0000000705500000| Untracked 
|  70|0x0000000705600000, 0x0000000705600000, 0x0000000705700000|  0%| F|  |TAMS 0x0000000705600000, 0x0000000705600000| Untracked 
|  71|0x0000000705700000, 0x0000000705700000, 0x0000000705800000|  0%| F|  |TAMS 0x0000000705700000, 0x0000000705700000| Untracked 
|  72|0x0000000705800000, 0x0000000705800000, 0x0000000705900000|  0%| F|  |TAMS 0x0000000705800000, 0x0000000705800000| Untracked 
|  73|0x0000000705900000, 0x0000000705900000, 0x0000000705a00000|  0%| F|  |TAMS 0x0000000705900000, 0x0000000705900000| Untracked 
|  74|0x0000000705a00000, 0x0000000705a00000, 0x0000000705b00000|  0%| F|  |TAMS 0x0000000705a00000, 0x0000000705a00000| Untracked 
|  75|0x0000000705b00000, 0x0000000705b00000, 0x0000000705c00000|  0%| F|  |TAMS 0x0000000705b00000, 0x0000000705b00000| Untracked 
|  76|0x0000000705c00000, 0x0000000705c00000, 0x0000000705d00000|  0%| F|  |TAMS 0x0000000705c00000, 0x0000000705c00000| Untracked 
|  77|0x0000000705d00000, 0x0000000705d00000, 0x0000000705e00000|  0%| F|  |TAMS 0x0000000705d00000, 0x0000000705d00000| Untracked 
|  78|0x0000000705e00000, 0x0000000705e00000, 0x0000000705f00000|  0%| F|  |TAMS 0x0000000705e00000, 0x0000000705e00000| Untracked 
|  79|0x0000000705f00000, 0x0000000705f00000, 0x0000000706000000|  0%| F|  |TAMS 0x0000000705f00000, 0x0000000705f00000| Untracked 
|  80|0x0000000706000000, 0x0000000706000000, 0x0000000706100000|  0%| F|  |TAMS 0x0000000706000000, 0x0000000706000000| Untracked 
|  81|0x0000000706100000, 0x0000000706100000, 0x0000000706200000|  0%| F|  |TAMS 0x0000000706100000, 0x0000000706100000| Untracked 
|  82|0x0000000706200000, 0x0000000706200000, 0x0000000706300000|  0%| F|  |TAMS 0x0000000706200000, 0x0000000706200000| Untracked 
|  83|0x0000000706300000, 0x0000000706300000, 0x0000000706400000|  0%| F|  |TAMS 0x0000000706300000, 0x0000000706300000| Untracked 
|  84|0x0000000706400000, 0x0000000706400000, 0x0000000706500000|  0%| F|  |TAMS 0x0000000706400000, 0x0000000706400000| Untracked 
|  85|0x0000000706500000, 0x0000000706500000, 0x0000000706600000|  0%| F|  |TAMS 0x0000000706500000, 0x0000000706500000| Untracked 
|  86|0x0000000706600000, 0x0000000706600000, 0x0000000706700000|  0%| F|  |TAMS 0x0000000706600000, 0x0000000706600000| Untracked 
|  87|0x0000000706700000, 0x0000000706700000, 0x0000000706800000|  0%| F|  |TAMS 0x0000000706700000, 0x0000000706700000| Untracked 
|  88|0x0000000706800000, 0x0000000706800000, 0x0000000706900000|  0%| F|  |TAMS 0x0000000706800000, 0x0000000706800000| Untracked 
|  89|0x0000000706900000, 0x0000000706900000, 0x0000000706a00000|  0%| F|  |TAMS 0x0000000706900000, 0x0000000706900000| Untracked 
|  90|0x0000000706a00000, 0x0000000706a00000, 0x0000000706b00000|  0%| F|  |TAMS 0x0000000706a00000, 0x0000000706a00000| Untracked 
|  91|0x0000000706b00000, 0x0000000706b00000, 0x0000000706c00000|  0%| F|  |TAMS 0x0000000706b00000, 0x0000000706b00000| Untracked 
|  92|0x0000000706c00000, 0x0000000706c00000, 0x0000000706d00000|  0%| F|  |TAMS 0x0000000706c00000, 0x0000000706c00000| Untracked 
|  93|0x0000000706d00000, 0x0000000706d00000, 0x0000000706e00000|  0%| F|  |TAMS 0x0000000706d00000, 0x0000000706d00000| Untracked 
|  94|0x0000000706e00000, 0x0000000706e00000, 0x0000000706f00000|  0%| F|  |TAMS 0x0000000706e00000, 0x0000000706e00000| Untracked 
|  95|0x0000000706f00000, 0x0000000706f00000, 0x0000000707000000|  0%| F|  |TAMS 0x0000000706f00000, 0x0000000706f00000| Untracked 
|  96|0x0000000707000000, 0x0000000707000000, 0x0000000707100000|  0%| F|  |TAMS 0x0000000707000000, 0x0000000707000000| Untracked 
|  97|0x0000000707100000, 0x0000000707100000, 0x0000000707200000|  0%| F|  |TAMS 0x0000000707100000, 0x0000000707100000| Untracked 
|  98|0x0000000707200000, 0x0000000707200000, 0x0000000707300000|  0%| F|  |TAMS 0x0000000707200000, 0x0000000707200000| Untracked 
|  99|0x0000000707300000, 0x0000000707300000, 0x0000000707400000|  0%| F|  |TAMS 0x0000000707300000, 0x0000000707300000| Untracked 
| 100|0x0000000707400000, 0x0000000707400000, 0x0000000707500000|  0%| F|  |TAMS 0x0000000707400000, 0x0000000707400000| Untracked 
| 101|0x0000000707500000, 0x0000000707500000, 0x0000000707600000|  0%| F|  |TAMS 0x0000000707500000, 0x0000000707500000| Untracked 
| 102|0x0000000707600000, 0x0000000707600000, 0x0000000707700000|  0%| F|  |TAMS 0x0000000707600000, 0x0000000707600000| Untracked 
| 103|0x0000000707700000, 0x0000000707700000, 0x0000000707800000|  0%| F|  |TAMS 0x0000000707700000, 0x0000000707700000| Untracked 
| 104|0x0000000707800000, 0x0000000707800000, 0x0000000707900000|  0%| F|  |TAMS 0x0000000707800000, 0x0000000707800000| Untracked 
| 105|0x0000000707900000, 0x0000000707900000, 0x0000000707a00000|  0%| F|  |TAMS 0x0000000707900000, 0x0000000707900000| Untracked 
| 106|0x0000000707a00000, 0x0000000707a00000, 0x0000000707b00000|  0%| F|  |TAMS 0x0000000707a00000, 0x0000000707a00000| Untracked 
| 107|0x0000000707b00000, 0x0000000707b00000, 0x0000000707c00000|  0%| F|  |TAMS 0x0000000707b00000, 0x0000000707b00000| Untracked 
| 108|0x0000000707c00000, 0x0000000707c00000, 0x0000000707d00000|  0%| F|  |TAMS 0x0000000707c00000, 0x0000000707c00000| Untracked 
| 109|0x0000000707d00000, 0x0000000707d00000, 0x0000000707e00000|  0%| F|  |TAMS 0x0000000707d00000, 0x0000000707d00000| Untracked 
| 110|0x0000000707e00000, 0x0000000707e00000, 0x0000000707f00000|  0%| F|  |TAMS 0x0000000707e00000, 0x0000000707e00000| Untracked 
| 111|0x0000000707f00000, 0x0000000707f00000, 0x0000000708000000|  0%| F|  |TAMS 0x0000000707f00000, 0x0000000707f00000| Untracked 
| 112|0x0000000708000000, 0x0000000708000000, 0x0000000708100000|  0%| F|  |TAMS 0x0000000708000000, 0x0000000708000000| Untracked 
| 113|0x0000000708100000, 0x0000000708100000, 0x0000000708200000|  0%| F|  |TAMS 0x0000000708100000, 0x0000000708100000| Untracked 
| 114|0x0000000708200000, 0x0000000708200000, 0x0000000708300000|  0%| F|  |TAMS 0x0000000708200000, 0x0000000708200000| Untracked 
| 115|0x0000000708300000, 0x0000000708300000, 0x0000000708400000|  0%| F|  |TAMS 0x0000000708300000, 0x0000000708300000| Untracked 
| 116|0x0000000708400000, 0x0000000708400000, 0x0000000708500000|  0%| F|  |TAMS 0x0000000708400000, 0x0000000708400000| Untracked 
| 117|0x0000000708500000, 0x0000000708500000, 0x0000000708600000|  0%| F|  |TAMS 0x0000000708500000, 0x0000000708500000| Untracked 
| 118|0x0000000708600000, 0x0000000708600000, 0x0000000708700000|  0%| F|  |TAMS 0x0000000708600000, 0x0000000708600000| Untracked 
| 119|0x0000000708700000, 0x0000000708700000, 0x0000000708800000|  0%| F|  |TAMS 0x0000000708700000, 0x0000000708700000| Untracked 
| 120|0x0000000708800000, 0x0000000708800000, 0x0000000708900000|  0%| F|  |TAMS 0x0000000708800000, 0x0000000708800000| Untracked 
| 121|0x0000000708900000, 0x0000000708900000, 0x0000000708a00000|  0%| F|  |TAMS 0x0000000708900000, 0x0000000708900000| Untracked 
| 122|0x0000000708a00000, 0x0000000708a00000, 0x0000000708b00000|  0%| F|  |TAMS 0x0000000708a00000, 0x0000000708a00000| Untracked 
| 123|0x0000000708b00000, 0x0000000708b00000, 0x0000000708c00000|  0%| F|  |TAMS 0x0000000708b00000, 0x0000000708b00000| Untracked 
| 124|0x0000000708c00000, 0x0000000708c00000, 0x0000000708d00000|  0%| F|  |TAMS 0x0000000708c00000, 0x0000000708c00000| Untracked 
| 125|0x0000000708d00000, 0x0000000708d00000, 0x0000000708e00000|  0%| F|  |TAMS 0x0000000708d00000, 0x0000000708d00000| Untracked 
| 126|0x0000000708e00000, 0x0000000708e00000, 0x0000000708f00000|  0%| F|  |TAMS 0x0000000708e00000, 0x0000000708e00000| Untracked 
| 127|0x0000000708f00000, 0x0000000708f00000, 0x0000000709000000|  0%| F|  |TAMS 0x0000000708f00000, 0x0000000708f00000| Untracked 
| 128|0x0000000709000000, 0x0000000709000000, 0x0000000709100000|  0%| F|  |TAMS 0x0000000709000000, 0x0000000709000000| Untracked 
| 129|0x0000000709100000, 0x0000000709100000, 0x0000000709200000|  0%| F|  |TAMS 0x0000000709100000, 0x0000000709100000| Untracked 
| 130|0x0000000709200000, 0x0000000709200000, 0x0000000709300000|  0%| F|  |TAMS 0x0000000709200000, 0x0000000709200000| Untracked 
| 131|0x0000000709300000, 0x0000000709300000, 0x0000000709400000|  0%| F|  |TAMS 0x0000000709300000, 0x0000000709300000| Untracked 
| 132|0x0000000709400000, 0x0000000709400000, 0x0000000709500000|  0%| F|  |TAMS 0x0000000709400000, 0x0000000709400000| Untracked 
| 133|0x0000000709500000, 0x0000000709500000, 0x0000000709600000|  0%| F|  |TAMS 0x0000000709500000, 0x0000000709500000| Untracked 
| 134|0x0000000709600000, 0x0000000709600000, 0x0000000709700000|  0%| F|  |TAMS 0x0000000709600000, 0x0000000709600000| Untracked 
| 135|0x0000000709700000, 0x0000000709700000, 0x0000000709800000|  0%| F|  |TAMS 0x0000000709700000, 0x0000000709700000| Untracked 
| 136|0x0000000709800000, 0x0000000709800000, 0x0000000709900000|  0%| F|  |TAMS 0x0000000709800000, 0x0000000709800000| Untracked 
| 137|0x0000000709900000, 0x0000000709900000, 0x0000000709a00000|  0%| F|  |TAMS 0x0000000709900000, 0x0000000709900000| Untracked 
| 138|0x0000000709a00000, 0x0000000709a00000, 0x0000000709b00000|  0%| F|  |TAMS 0x0000000709a00000, 0x0000000709a00000| Untracked 
| 139|0x0000000709b00000, 0x0000000709b00000, 0x0000000709c00000|  0%| F|  |TAMS 0x0000000709b00000, 0x0000000709b00000| Untracked 
| 140|0x0000000709c00000, 0x0000000709c00000, 0x0000000709d00000|  0%| F|  |TAMS 0x0000000709c00000, 0x0000000709c00000| Untracked 
| 141|0x0000000709d00000, 0x0000000709d00000, 0x0000000709e00000|  0%| F|  |TAMS 0x0000000709d00000, 0x0000000709d00000| Untracked 
| 142|0x0000000709e00000, 0x0000000709e00000, 0x0000000709f00000|  0%| F|  |TAMS 0x0000000709e00000, 0x0000000709e00000| Untracked 
| 143|0x0000000709f00000, 0x0000000709f00000, 0x000000070a000000|  0%| F|  |TAMS 0x0000000709f00000, 0x0000000709f00000| Untracked 
| 144|0x000000070a000000, 0x000000070a000000, 0x000000070a100000|  0%| F|  |TAMS 0x000000070a000000, 0x000000070a000000| Untracked 
| 145|0x000000070a100000, 0x000000070a100000, 0x000000070a200000|  0%| F|  |TAMS 0x000000070a100000, 0x000000070a100000| Untracked 
| 146|0x000000070a200000, 0x000000070a200000, 0x000000070a300000|  0%| F|  |TAMS 0x000000070a200000, 0x000000070a200000| Untracked 
| 147|0x000000070a300000, 0x000000070a300000, 0x000000070a400000|  0%| F|  |TAMS 0x000000070a300000, 0x000000070a300000| Untracked 
| 148|0x000000070a400000, 0x000000070a400000, 0x000000070a500000|  0%| F|  |TAMS 0x000000070a400000, 0x000000070a400000| Untracked 
| 149|0x000000070a500000, 0x000000070a500000, 0x000000070a600000|  0%| F|  |TAMS 0x000000070a500000, 0x000000070a500000| Untracked 
| 150|0x000000070a600000, 0x000000070a600000, 0x000000070a700000|  0%| F|  |TAMS 0x000000070a600000, 0x000000070a600000| Untracked 
| 151|0x000000070a700000, 0x000000070a700000, 0x000000070a800000|  0%| F|  |TAMS 0x000000070a700000, 0x000000070a700000| Untracked 
| 152|0x000000070a800000, 0x000000070a800000, 0x000000070a900000|  0%| F|  |TAMS 0x000000070a800000, 0x000000070a800000| Untracked 
| 153|0x000000070a900000, 0x000000070a900000, 0x000000070aa00000|  0%| F|  |TAMS 0x000000070a900000, 0x000000070a900000| Untracked 
| 154|0x000000070aa00000, 0x000000070aa00000, 0x000000070ab00000|  0%| F|  |TAMS 0x000000070aa00000, 0x000000070aa00000| Untracked 
| 155|0x000000070ab00000, 0x000000070ab00000, 0x000000070ac00000|  0%| F|  |TAMS 0x000000070ab00000, 0x000000070ab00000| Untracked 
| 156|0x000000070ac00000, 0x000000070ac00000, 0x000000070ad00000|  0%| F|  |TAMS 0x000000070ac00000, 0x000000070ac00000| Untracked 
| 157|0x000000070ad00000, 0x000000070ad00000, 0x000000070ae00000|  0%| F|  |TAMS 0x000000070ad00000, 0x000000070ad00000| Untracked 
| 158|0x000000070ae00000, 0x000000070ae00000, 0x000000070af00000|  0%| F|  |TAMS 0x000000070ae00000, 0x000000070ae00000| Untracked 
| 159|0x000000070af00000, 0x000000070af00000, 0x000000070b000000|  0%| F|  |TAMS 0x000000070af00000, 0x000000070af00000| Untracked 
| 160|0x000000070b000000, 0x000000070b000000, 0x000000070b100000|  0%| F|  |TAMS 0x000000070b000000, 0x000000070b000000| Untracked 
| 161|0x000000070b100000, 0x000000070b100000, 0x000000070b200000|  0%| F|  |TAMS 0x000000070b100000, 0x000000070b100000| Untracked 
| 162|0x000000070b200000, 0x000000070b200000, 0x000000070b300000|  0%| F|  |TAMS 0x000000070b200000, 0x000000070b200000| Untracked 
| 163|0x000000070b300000, 0x000000070b300000, 0x000000070b400000|  0%| F|  |TAMS 0x000000070b300000, 0x000000070b300000| Untracked 
| 164|0x000000070b400000, 0x000000070b400000, 0x000000070b500000|  0%| F|  |TAMS 0x000000070b400000, 0x000000070b400000| Untracked 
| 165|0x000000070b500000, 0x000000070b500000, 0x000000070b600000|  0%| F|  |TAMS 0x000000070b500000, 0x000000070b500000| Untracked 
| 166|0x000000070b600000, 0x000000070b600000, 0x000000070b700000|  0%| F|  |TAMS 0x000000070b600000, 0x000000070b600000| Untracked 
| 167|0x000000070b700000, 0x000000070b700000, 0x000000070b800000|  0%| F|  |TAMS 0x000000070b700000, 0x000000070b700000| Untracked 
| 168|0x000000070b800000, 0x000000070b800000, 0x000000070b900000|  0%| F|  |TAMS 0x000000070b800000, 0x000000070b800000| Untracked 
| 169|0x000000070b900000, 0x000000070b900000, 0x000000070ba00000|  0%| F|  |TAMS 0x000000070b900000, 0x000000070b900000| Untracked 
| 170|0x000000070ba00000, 0x000000070ba00000, 0x000000070bb00000|  0%| F|  |TAMS 0x000000070ba00000, 0x000000070ba00000| Untracked 
| 171|0x000000070bb00000, 0x000000070bb00000, 0x000000070bc00000|  0%| F|  |TAMS 0x000000070bb00000, 0x000000070bb00000| Untracked 
| 172|0x000000070bc00000, 0x000000070bc00000, 0x000000070bd00000|  0%| F|  |TAMS 0x000000070bc00000, 0x000000070bc00000| Untracked 
| 173|0x000000070bd00000, 0x000000070bd00000, 0x000000070be00000|  0%| F|  |TAMS 0x000000070bd00000, 0x000000070bd00000| Untracked 
| 174|0x000000070be00000, 0x000000070be00000, 0x000000070bf00000|  0%| F|  |TAMS 0x000000070be00000, 0x000000070be00000| Untracked 
| 175|0x000000070bf00000, 0x000000070bf00000, 0x000000070c000000|  0%| F|  |TAMS 0x000000070bf00000, 0x000000070bf00000| Untracked 
| 176|0x000000070c000000, 0x000000070c000000, 0x000000070c100000|  0%| F|  |TAMS 0x000000070c000000, 0x000000070c000000| Untracked 
| 177|0x000000070c100000, 0x000000070c100000, 0x000000070c200000|  0%| F|  |TAMS 0x000000070c100000, 0x000000070c100000| Untracked 
| 178|0x000000070c200000, 0x000000070c200000, 0x000000070c300000|  0%| F|  |TAMS 0x000000070c200000, 0x000000070c200000| Untracked 
| 179|0x000000070c300000, 0x000000070c300000, 0x000000070c400000|  0%| F|  |TAMS 0x000000070c300000, 0x000000070c300000| Untracked 
| 180|0x000000070c400000, 0x000000070c400000, 0x000000070c500000|  0%| F|  |TAMS 0x000000070c400000, 0x000000070c400000| Untracked 
| 181|0x000000070c500000, 0x000000070c500000, 0x000000070c600000|  0%| F|  |TAMS 0x000000070c500000, 0x000000070c500000| Untracked 
| 182|0x000000070c600000, 0x000000070c600000, 0x000000070c700000|  0%| F|  |TAMS 0x000000070c600000, 0x000000070c600000| Untracked 
| 183|0x000000070c700000, 0x000000070c700000, 0x000000070c800000|  0%| F|  |TAMS 0x000000070c700000, 0x000000070c700000| Untracked 
| 184|0x000000070c800000, 0x000000070c800000, 0x000000070c900000|  0%| F|  |TAMS 0x000000070c800000, 0x000000070c800000| Untracked 
| 185|0x000000070c900000, 0x000000070c900000, 0x000000070ca00000|  0%| F|  |TAMS 0x000000070c900000, 0x000000070c900000| Untracked 
| 186|0x000000070ca00000, 0x000000070ca00000, 0x000000070cb00000|  0%| F|  |TAMS 0x000000070ca00000, 0x000000070ca00000| Untracked 
| 187|0x000000070cb00000, 0x000000070cb00000, 0x000000070cc00000|  0%| F|  |TAMS 0x000000070cb00000, 0x000000070cb00000| Untracked 
| 188|0x000000070cc00000, 0x000000070cc00000, 0x000000070cd00000|  0%| F|  |TAMS 0x000000070cc00000, 0x000000070cc00000| Untracked 
| 189|0x000000070cd00000, 0x000000070cd00000, 0x000000070ce00000|  0%| F|  |TAMS 0x000000070cd00000, 0x000000070cd00000| Untracked 
| 190|0x000000070ce00000, 0x000000070ce00000, 0x000000070cf00000|  0%| F|  |TAMS 0x000000070ce00000, 0x000000070ce00000| Untracked 
| 191|0x000000070cf00000, 0x000000070cf00000, 0x000000070d000000|  0%| F|  |TAMS 0x000000070cf00000, 0x000000070cf00000| Untracked 
| 192|0x000000070d000000, 0x000000070d000000, 0x000000070d100000|  0%| F|  |TAMS 0x000000070d000000, 0x000000070d000000| Untracked 
| 193|0x000000070d100000, 0x000000070d100000, 0x000000070d200000|  0%| F|  |TAMS 0x000000070d100000, 0x000000070d100000| Untracked 
| 194|0x000000070d200000, 0x000000070d200000, 0x000000070d300000|  0%| F|  |TAMS 0x000000070d200000, 0x000000070d200000| Untracked 
| 195|0x000000070d300000, 0x000000070d300000, 0x000000070d400000|  0%| F|  |TAMS 0x000000070d300000, 0x000000070d300000| Untracked 
| 196|0x000000070d400000, 0x000000070d400000, 0x000000070d500000|  0%| F|  |TAMS 0x000000070d400000, 0x000000070d400000| Untracked 
| 197|0x000000070d500000, 0x000000070d500000, 0x000000070d600000|  0%| F|  |TAMS 0x000000070d500000, 0x000000070d500000| Untracked 
| 198|0x000000070d600000, 0x000000070d600000, 0x000000070d700000|  0%| F|  |TAMS 0x000000070d600000, 0x000000070d600000| Untracked 
| 199|0x000000070d700000, 0x000000070d700000, 0x000000070d800000|  0%| F|  |TAMS 0x000000070d700000, 0x000000070d700000| Untracked 
| 200|0x000000070d800000, 0x000000070d800000, 0x000000070d900000|  0%| F|  |TAMS 0x000000070d800000, 0x000000070d800000| Untracked 
| 201|0x000000070d900000, 0x000000070d900000, 0x000000070da00000|  0%| F|  |TAMS 0x000000070d900000, 0x000000070d900000| Untracked 
| 202|0x000000070da00000, 0x000000070da00000, 0x000000070db00000|  0%| F|  |TAMS 0x000000070da00000, 0x000000070da00000| Untracked 
| 203|0x000000070db00000, 0x000000070db00000, 0x000000070dc00000|  0%| F|  |TAMS 0x000000070db00000, 0x000000070db00000| Untracked 
| 204|0x000000070dc00000, 0x000000070dc00000, 0x000000070dd00000|  0%| F|  |TAMS 0x000000070dc00000, 0x000000070dc00000| Untracked 
| 205|0x000000070dd00000, 0x000000070dd00000, 0x000000070de00000|  0%| F|  |TAMS 0x000000070dd00000, 0x000000070dd00000| Untracked 
| 206|0x000000070de00000, 0x000000070de00000, 0x000000070df00000|  0%| F|  |TAMS 0x000000070de00000, 0x000000070de00000| Untracked 
| 207|0x000000070df00000, 0x000000070df00000, 0x000000070e000000|  0%| F|  |TAMS 0x000000070df00000, 0x000000070df00000| Untracked 
| 208|0x000000070e000000, 0x000000070e000000, 0x000000070e100000|  0%| F|  |TAMS 0x000000070e000000, 0x000000070e000000| Untracked 
| 209|0x000000070e100000, 0x000000070e100000, 0x000000070e200000|  0%| F|  |TAMS 0x000000070e100000, 0x000000070e100000| Untracked 
| 210|0x000000070e200000, 0x000000070e200000, 0x000000070e300000|  0%| F|  |TAMS 0x000000070e200000, 0x000000070e200000| Untracked 
| 211|0x000000070e300000, 0x000000070e300000, 0x000000070e400000|  0%| F|  |TAMS 0x000000070e300000, 0x000000070e300000| Untracked 
| 212|0x000000070e400000, 0x000000070e400000, 0x000000070e500000|  0%| F|  |TAMS 0x000000070e400000, 0x000000070e400000| Untracked 
| 213|0x000000070e500000, 0x000000070e500000, 0x000000070e600000|  0%| F|  |TAMS 0x000000070e500000, 0x000000070e500000| Untracked 
| 214|0x000000070e600000, 0x000000070e600000, 0x000000070e700000|  0%| F|  |TAMS 0x000000070e600000, 0x000000070e600000| Untracked 
| 215|0x000000070e700000, 0x000000070e700000, 0x000000070e800000|  0%| F|  |TAMS 0x000000070e700000, 0x000000070e700000| Untracked 
| 216|0x000000070e800000, 0x000000070e800000, 0x000000070e900000|  0%| F|  |TAMS 0x000000070e800000, 0x000000070e800000| Untracked 
| 217|0x000000070e900000, 0x000000070e900000, 0x000000070ea00000|  0%| F|  |TAMS 0x000000070e900000, 0x000000070e900000| Untracked 
| 218|0x000000070ea00000, 0x000000070ea00000, 0x000000070eb00000|  0%| F|  |TAMS 0x000000070ea00000, 0x000000070ea00000| Untracked 
| 219|0x000000070eb00000, 0x000000070eb00000, 0x000000070ec00000|  0%| F|  |TAMS 0x000000070eb00000, 0x000000070eb00000| Untracked 
| 220|0x000000070ec00000, 0x000000070ec00000, 0x000000070ed00000|  0%| F|  |TAMS 0x000000070ec00000, 0x000000070ec00000| Untracked 
| 221|0x000000070ed00000, 0x000000070ed00000, 0x000000070ee00000|  0%| F|  |TAMS 0x000000070ed00000, 0x000000070ed00000| Untracked 
| 222|0x000000070ee00000, 0x000000070ee00000, 0x000000070ef00000|  0%| F|  |TAMS 0x000000070ee00000, 0x000000070ee00000| Untracked 
| 223|0x000000070ef00000, 0x000000070ef00000, 0x000000070f000000|  0%| F|  |TAMS 0x000000070ef00000, 0x000000070ef00000| Untracked 
| 224|0x000000070f000000, 0x000000070f000000, 0x000000070f100000|  0%| F|  |TAMS 0x000000070f000000, 0x000000070f000000| Untracked 
| 225|0x000000070f100000, 0x000000070f100000, 0x000000070f200000|  0%| F|  |TAMS 0x000000070f100000, 0x000000070f100000| Untracked 
| 226|0x000000070f200000, 0x000000070f200000, 0x000000070f300000|  0%| F|  |TAMS 0x000000070f200000, 0x000000070f200000| Untracked 
| 227|0x000000070f300000, 0x000000070f300000, 0x000000070f400000|  0%| F|  |TAMS 0x000000070f300000, 0x000000070f300000| Untracked 
| 228|0x000000070f400000, 0x000000070f400000, 0x000000070f500000|  0%| F|  |TAMS 0x000000070f400000, 0x000000070f400000| Untracked 
| 229|0x000000070f500000, 0x000000070f600000, 0x000000070f600000|100%| S|CS|TAMS 0x000000070f500000, 0x000000070f500000| Complete 
| 230|0x000000070f600000, 0x000000070f700000, 0x000000070f700000|100%| S|CS|TAMS 0x000000070f600000, 0x000000070f600000| Complete 
| 231|0x000000070f700000, 0x000000070f800000, 0x000000070f800000|100%| S|CS|TAMS 0x000000070f700000, 0x000000070f700000| Complete 
| 232|0x000000070f800000, 0x000000070f800000, 0x000000070f900000|  0%| F|  |TAMS 0x000000070f800000, 0x000000070f800000| Untracked 
| 233|0x000000070f900000, 0x000000070f900000, 0x000000070fa00000|  0%| F|  |TAMS 0x000000070f900000, 0x000000070f900000| Untracked 
| 234|0x000000070fa00000, 0x000000070fa00000, 0x000000070fb00000|  0%| F|  |TAMS 0x000000070fa00000, 0x000000070fa00000| Untracked 
| 235|0x000000070fb00000, 0x000000070fb00000, 0x000000070fc00000|  0%| F|  |TAMS 0x000000070fb00000, 0x000000070fb00000| Untracked 
| 236|0x000000070fc00000, 0x000000070fc00000, 0x000000070fd00000|  0%| F|  |TAMS 0x000000070fc00000, 0x000000070fc00000| Untracked 
| 237|0x000000070fd00000, 0x000000070fd00000, 0x000000070fe00000|  0%| F|  |TAMS 0x000000070fd00000, 0x000000070fd00000| Untracked 
| 238|0x000000070fe00000, 0x000000070fe00000, 0x000000070ff00000|  0%| F|  |TAMS 0x000000070fe00000, 0x000000070fe00000| Untracked 
| 239|0x000000070ff00000, 0x000000070ff00000, 0x0000000710000000|  0%| F|  |TAMS 0x000000070ff00000, 0x000000070ff00000| Untracked 
| 240|0x0000000710000000, 0x0000000710000000, 0x0000000710100000|  0%| F|  |TAMS 0x0000000710000000, 0x0000000710000000| Untracked 
| 241|0x0000000710100000, 0x0000000710100000, 0x0000000710200000|  0%| F|  |TAMS 0x0000000710100000, 0x0000000710100000| Untracked 
| 242|0x0000000710200000, 0x0000000710200000, 0x0000000710300000|  0%| F|  |TAMS 0x0000000710200000, 0x0000000710200000| Untracked 
| 243|0x0000000710300000, 0x0000000710300000, 0x0000000710400000|  0%| F|  |TAMS 0x0000000710300000, 0x0000000710300000| Untracked 
| 244|0x0000000710400000, 0x0000000710400000, 0x0000000710500000|  0%| F|  |TAMS 0x0000000710400000, 0x0000000710400000| Untracked 
| 245|0x0000000710500000, 0x0000000710500000, 0x0000000710600000|  0%| F|  |TAMS 0x0000000710500000, 0x0000000710500000| Untracked 
| 246|0x0000000710600000, 0x0000000710600000, 0x0000000710700000|  0%| F|  |TAMS 0x0000000710600000, 0x0000000710600000| Untracked 
| 247|0x0000000710700000, 0x0000000710700000, 0x0000000710800000|  0%| F|  |TAMS 0x0000000710700000, 0x0000000710700000| Untracked 
| 248|0x0000000710800000, 0x0000000710800000, 0x0000000710900000|  0%| F|  |TAMS 0x0000000710800000, 0x0000000710800000| Untracked 
| 249|0x0000000710900000, 0x0000000710980800, 0x0000000710a00000| 50%| E|  |TAMS 0x0000000710900000, 0x0000000710900000| Complete 
| 250|0x0000000710a00000, 0x0000000710b00000, 0x0000000710b00000|100%| E|CS|TAMS 0x0000000710a00000, 0x0000000710a00000| Complete 
| 251|0x0000000710b00000, 0x0000000710c00000, 0x0000000710c00000|100%| E|CS|TAMS 0x0000000710b00000, 0x0000000710b00000| Complete 
| 252|0x0000000710c00000, 0x0000000710d00000, 0x0000000710d00000|100%| E|CS|TAMS 0x0000000710c00000, 0x0000000710c00000| Complete 
| 253|0x0000000710d00000, 0x0000000710e00000, 0x0000000710e00000|100%| E|CS|TAMS 0x0000000710d00000, 0x0000000710d00000| Complete 
| 254|0x0000000710e00000, 0x0000000710f00000, 0x0000000710f00000|100%| E|CS|TAMS 0x0000000710e00000, 0x0000000710e00000| Complete 
| 255|0x0000000710f00000, 0x0000000711000000, 0x0000000711000000|100%| E|CS|TAMS 0x0000000710f00000, 0x0000000710f00000| Complete 

Card table byte_map: [0x00000280f7ce0000,0x00000280f84e0000] _byte_map_base: 0x00000280f44d8000

Marking Bits (Prev, Next): (CMBitMap*) 0x00000280f1474218, (CMBitMap*) 0x00000280f1474250
 Prev Bits: [0x00000280f8ce0000, 0x00000280fcca0000)
 Next Bits: [0x000002808f000000, 0x0000028092fc0000)

Polling page: 0x00000280f14f0000

Metaspace:

Usage:
  Non-class:     13.59 MB capacity,    13.49 MB (>99%) used,    93.43 KB ( <1%) free+waste,    18.63 KB ( <1%) overhead. 
      Class:      1.04 MB capacity,   972.88 KB ( 92%) used,    80.24 KB (  8%) free+waste,     6.88 KB ( <1%) overhead. 
       Both:     14.63 MB capacity,    14.44 MB ( 99%) used,   173.67 KB (  1%) free+waste,    25.50 KB ( <1%) overhead. 

Virtual space:
  Non-class space:       14.00 MB reserved,      13.75 MB ( 98%) committed 
      Class space:        1.00 GB reserved,       1.13 MB ( <1%) committed 
             Both:        1.01 GB reserved,      14.88 MB (  1%) committed 

Chunk freelists:
   Non-Class:  31.00 KB
       Class:  28.00 KB
        Both:  59.00 KB

MaxMetaspaceSize: 17179869184.00 GB
CompressedClassSpaceSize: 1.00 GB
Initial GC threshold: 20.80 MB
Current GC threshold: 20.80 MB
CDS: off

CodeHeap 'non-profiled nmethods': size=120000Kb used=398Kb max_used=398Kb free=119602Kb
 bounds [0x0000028087ad0000, 0x0000028087d40000, 0x000002808f000000]
CodeHeap 'profiled nmethods': size=120000Kb used=1868Kb max_used=1868Kb free=118131Kb
 bounds [0x00000280805a0000, 0x0000028080810000, 0x0000028087ad0000]
CodeHeap 'non-nmethods': size=5760Kb used=1645Kb max_used=1645Kb free=4114Kb
 bounds [0x0000028080000000, 0x0000028080270000, 0x00000280805a0000]
 total_blobs=2127 nmethods=1069 adapters=971
 compilation: enabled
              stopped_count=0, restarted_count=0
 full_count=0

Compilation events (20 events):
Event: 0.984 Thread 0x0000028097e25800 1060       4       jdk.internal.math.FloatingDecimal::getBinaryToASCIIConverter (183 bytes)
Event: 0.988 Thread 0x0000028097e25800 nmethod 1060 0x0000028087b28c90 code [0x0000028087b28e60, 0x0000028087b29188]
Event: 0.988 Thread 0x0000028097e25800 1061       4       jdk.internal.math.FloatingDecimal$BinaryToASCIIBuffer::toJavaFormatString (23 bytes)
Event: 0.988 Thread 0x00000280981b3000 nmethod 1058 0x0000028087b29510 code [0x0000028087b29780, 0x0000028087b2aa30]
Event: 0.989 Thread 0x00000280981b3000 1062       4       jdk.internal.math.FloatingDecimal$BinaryToASCIIBuffer::getChars (502 bytes)
Event: 0.992 Thread 0x0000028097e25800 nmethod 1061 0x0000028087b2b710 code [0x0000028087b2b8e0, 0x0000028087b2bd68]
Event: 0.992 Thread 0x0000028097e25800 1024       4       java.nio.Buffer::position (52 bytes)
Event: 0.993 Thread 0x0000028097e25800 nmethod 1024 0x0000028087b2c010 code [0x0000028087b2c1a0, 0x0000028087b2c258]
Event: 0.993 Thread 0x0000028097e25800 1063       4       java.text.DecimalFormat::getPositiveSuffixFieldPositions (41 bytes)
Event: 0.993 Thread 0x0000028097e25800 nmethod 1063 0x0000028087b2c310 code [0x0000028087b2c4a0, 0x0000028087b2c518]
Event: 0.993 Thread 0x0000028097e25800 1027       4       java.io.OutputStream::flush (1 bytes)
Event: 0.993 Thread 0x0000028097e25800 nmethod 1027 0x0000028087b2c610 code [0x0000028087b2c7a0, 0x0000028087b2c7f8]
Event: 0.993 Thread 0x0000028097e25800 1048       4       components.SpriteRenderer::start (1 bytes)
Event: 0.994 Thread 0x0000028097e25800 nmethod 1048 0x0000028087b2c910 code [0x0000028087b2caa0, 0x0000028087b2caf8]
Event: 0.997 Thread 0x00000280ffb65000 nmethod 1040 0x0000028087b2cc10 code [0x0000028087b2cec0, 0x0000028087b30610]
Event: 0.998 Thread 0x00000280981b3000 nmethod 1062 0x0000028087b32690 code [0x0000028087b32860, 0x0000028087b32d48]
Event: 1.077 Thread 0x0000028097e25800 1068       4       java.lang.String::getChars (54 bytes)
Event: 1.079 Thread 0x0000028097e25800 nmethod 1068 0x0000028087b33090 code [0x0000028087b33240, 0x0000028087b33578]
Event: 1.148 Thread 0x00000280ffb72000 1069       3       java.net.URLStreamHandler::toExternalForm (156 bytes)
Event: 1.149 Thread 0x00000280ffb72000 nmethod 1069 0x0000028080770410 code [0x00000280807708c0, 0x0000028080772938]

GC Heap History (2 events):
Event: 0.931 GC heap before
{Heap before GC invocations=0 (full 0):
 garbage-first heap   total 262144K, used 23552K [0x0000000701000000, 0x0000000800000000)
  region size 1024K, 24 young (24576K), 0 survivors (0K)
 Metaspace       used 13252K, capacity 13445K, committed 13568K, reserved 1062912K
  class space    used 918K, capacity 996K, committed 1024K, reserved 1048576K
}
Event: 0.935 GC heap after
{Heap after GC invocations=1 (full 0):
 garbage-first heap   total 262144K, used 3538K [0x0000000701000000, 0x0000000800000000)
  region size 1024K, 3 young (3072K), 3 survivors (3072K)
 Metaspace       used 13252K, capacity 13445K, committed 13568K, reserved 1062912K
  class space    used 918K, capacity 996K, committed 1024K, reserved 1048576K
}

Deoptimization events (20 events):
Event: 0.201 Thread 0x00000280f140e000 DEOPT PACKING pc=0x00000280805ca750 sp=0x000000e4ca6f9d90
Event: 0.201 Thread 0x00000280f140e000 DEOPT UNPACKING pc=0x000002808004a95e sp=0x000000e4ca6f9218 mode 0
Event: 0.649 Thread 0x00000280f140e000 Uncommon trap: trap_request=0xffffff5c fr.pc=0x0000028087affb00 relative=0x0000000000000060
Event: 0.649 Thread 0x00000280f140e000 Uncommon trap: reason=speculate_null_assert action=make_not_entrant pc=0x0000028087affb00 method=sun.misc.Unsafe.putLong(Ljava/lang/Object;JJ)V @ 7 c2
Event: 0.649 Thread 0x00000280f140e000 DEOPT PACKING pc=0x0000028087affb00 sp=0x000000e4ca6fed20
Event: 0.649 Thread 0x00000280f140e000 DEOPT UNPACKING pc=0x000002808004a1af sp=0x000000e4ca6fec98 mode 2
Event: 0.656 Thread 0x00000280f140e000 Uncommon trap: trap_request=0xffffff5c fr.pc=0x0000028087b011f8 relative=0x0000000000000058
Event: 0.656 Thread 0x00000280f140e000 Uncommon trap: reason=speculate_null_assert action=make_not_entrant pc=0x0000028087b011f8 method=sun.misc.Unsafe.getLong(Ljava/lang/Object;J)J @ 5 c2
Event: 0.656 Thread 0x00000280f140e000 DEOPT PACKING pc=0x0000028087b011f8 sp=0x000000e4ca6fee70
Event: 0.656 Thread 0x00000280f140e000 DEOPT UNPACKING pc=0x000002808004a1af sp=0x000000e4ca6fedf8 mode 2
Event: 0.732 Thread 0x00000280f140e000 DEOPT PACKING pc=0x00000280805d8c7f sp=0x000000e4ca6fdac0
Event: 0.732 Thread 0x00000280f140e000 DEOPT UNPACKING pc=0x000002808004a95e sp=0x000000e4ca6fcf10 mode 0
Event: 1.076 Thread 0x00000280f140e000 Uncommon trap: trap_request=0xffffff4d fr.pc=0x0000028087b25f30 relative=0x0000000000001210
Event: 1.076 Thread 0x00000280f140e000 Uncommon trap: reason=unstable_if action=reinterpret pc=0x0000028087b25f30 method=jdk.internal.math.FloatingDecimal$BinaryToASCIIBuffer.dtoa(IJIZ)V @ 97 c2
Event: 1.076 Thread 0x00000280f140e000 DEOPT PACKING pc=0x0000028087b25f30 sp=0x000000e4ca6fece0
Event: 1.077 Thread 0x00000280f140e000 DEOPT UNPACKING pc=0x000002808004a1af sp=0x000000e4ca6febd0 mode 2
Event: 1.077 Thread 0x00000280f140e000 Uncommon trap: trap_request=0xffffff45 fr.pc=0x0000028087b32c54 relative=0x00000000000003f4
Event: 1.077 Thread 0x00000280f140e000 Uncommon trap: reason=unstable_fused_if action=reinterpret pc=0x0000028087b32c54 method=jdk.internal.math.FloatingDecimal$BinaryToASCIIBuffer.getChars([C)I @ 47 c2
Event: 1.077 Thread 0x00000280f140e000 DEOPT PACKING pc=0x0000028087b32c54 sp=0x000000e4ca6fed20
Event: 1.077 Thread 0x00000280f140e000 DEOPT UNPACKING pc=0x000002808004a1af sp=0x000000e4ca6fecd8 mode 2

Classes redefined (0 events):
No events

Internal exceptions (20 events):
Event: 0.249 Thread 0x00000280f140e000 Exception <a 'java/security/PrivilegedActionException'{0x0000000710bdd308}> (0x0000000710bdd308) thrown at [./src/hotspot/share/prims/jvm.cpp, line 1306]
Event: 0.249 Thread 0x00000280f140e000 Exception <a 'java/security/PrivilegedActionException'{0x0000000710bdf110}> (0x0000000710bdf110) thrown at [./src/hotspot/share/prims/jvm.cpp, line 1306]
Event: 0.249 Thread 0x00000280f140e000 Exception <a 'java/security/PrivilegedActionException'{0x0000000710bdf3e0}> (0x0000000710bdf3e0) thrown at [./src/hotspot/share/prims/jvm.cpp, line 1306]
Event: 0.250 Thread 0x00000280f140e000 Exception <a 'java/security/PrivilegedActionException'{0x0000000710be11d0}> (0x0000000710be11d0) thrown at [./src/hotspot/share/prims/jvm.cpp, line 1306]
Event: 0.250 Thread 0x00000280f140e000 Exception <a 'java/security/PrivilegedActionException'{0x0000000710be14a0}> (0x0000000710be14a0) thrown at [./src/hotspot/share/prims/jvm.cpp, line 1306]
Event: 0.250 Thread 0x00000280f140e000 Exception <a 'java/security/PrivilegedActionException'{0x0000000710be32e0}> (0x0000000710be32e0) thrown at [./src/hotspot/share/prims/jvm.cpp, line 1306]
Event: 0.250 Thread 0x00000280f140e000 Exception <a 'java/security/PrivilegedActionException'{0x0000000710be35b0}> (0x0000000710be35b0) thrown at [./src/hotspot/share/prims/jvm.cpp, line 1306]
Event: 0.250 Thread 0x00000280f140e000 Exception <a 'java/security/PrivilegedActionException'{0x0000000710be53f0}> (0x0000000710be53f0) thrown at [./src/hotspot/share/prims/jvm.cpp, line 1306]
Event: 0.250 Thread 0x00000280f140e000 Exception <a 'java/security/PrivilegedActionException'{0x0000000710be56c0}> (0x0000000710be56c0) thrown at [./src/hotspot/share/prims/jvm.cpp, line 1306]
Event: 0.250 Thread 0x00000280f140e000 Exception <a 'java/security/PrivilegedActionException'{0x0000000710be74b0}> (0x0000000710be74b0) thrown at [./src/hotspot/share/prims/jvm.cpp, line 1306]
Event: 0.250 Thread 0x00000280f140e000 Exception <a 'java/security/PrivilegedActionException'{0x0000000710be7780}> (0x0000000710be7780) thrown at [./src/hotspot/share/prims/jvm.cpp, line 1306]
Event: 0.263 Thread 0x00000280f140e000 Exception <a 'sun/nio/fs/WindowsException'{0x0000000710acc748}> (0x0000000710acc748) thrown at [./src/hotspot/share/prims/jni.cpp, line 616]
Event: 0.263 Thread 0x00000280f140e000 Exception <a 'sun/nio/fs/WindowsException'{0x0000000710acc7c8}> (0x0000000710acc7c8) thrown at [./src/hotspot/share/prims/jni.cpp, line 616]
Event: 0.574 Thread 0x00000280f140e000 Exception <a 'java/lang/NoSuchMethodError'{0x0000000710937798}: 'void java.lang.invoke.DirectMethodHandle$Holder.invokeStaticInit(java.lang.Object, long, double, double)'> (0x0000000710937798) thrown at [./src/hotspot/share/interpreter/linkResolver.cpp, line 773]
Event: 0.575 Thread 0x00000280f140e000 Exception <a 'java/lang/NoSuchMethodError'{0x0000000710949c50}: 'void java.lang.invoke.DirectMethodHandle$Holder.invokeStaticInit(java.lang.Object, long, int, int, int)'> (0x0000000710949c50) thrown at [./src/hotspot/share/interpreter/linkResolver.cpp, line 773]
Event: 0.579 Thread 0x00000280f140e000 Exception <a 'java/lang/NoSuchMethodError'{0x0000000710969690}: 'void java.lang.invoke.DirectMethodHandle$Holder.invokeStaticInit(java.lang.Object, long, int, int, int, int)'> (0x0000000710969690) thrown at [./src/hotspot/share/interpreter/linkResolver.cpp, line 773]
Event: 0.622 Thread 0x00000280f140e000 Exception <a 'sun/nio/fs/WindowsException'{0x00000007109b8aa8}> (0x00000007109b8aa8) thrown at [./src/hotspot/share/prims/jni.cpp, line 616]
Event: 0.622 Thread 0x00000280f140e000 Exception <a 'sun/nio/fs/WindowsException'{0x00000007109b8b28}> (0x00000007109b8b28) thrown at [./src/hotspot/share/prims/jni.cpp, line 616]
Event: 0.624 Thread 0x00000280f140e000 Exception <a 'sun/nio/fs/WindowsException'{0x00000007109ceeb8}> (0x00000007109ceeb8) thrown at [./src/hotspot/share/prims/jni.cpp, line 616]
Event: 0.624 Thread 0x00000280f140e000 Exception <a 'sun/nio/fs/WindowsException'{0x00000007109cef38}> (0x00000007109cef38) thrown at [./src/hotspot/share/prims/jni.cpp, line 616]

Events (20 events):
Event: 1.140 loading class org/joml/Vector4i done
Event: 1.140 loading class org/joml/Vector4ic
Event: 1.140 loading class org/joml/Vector4ic done
Event: 1.142 loading class org/joml/Vector3f
Event: 1.142 loading class org/joml/Vector3f done
Event: 1.145 loading class org/joml/Vector3i
Event: 1.145 loading class org/joml/Vector3i done
Event: 1.145 loading class org/joml/Vector3ic
Event: 1.145 loading class org/joml/Vector3ic done
Event: 1.146 loading class org/joml/Vector2i
Event: 1.146 loading class org/joml/Vector2i done
Event: 1.146 loading class org/joml/Vector2ic
Event: 1.146 loading class org/joml/Vector2ic done
Event: 1.147 loading class org/joml/Quaternionf
Event: 1.147 loading class org/joml/Quaternionf done
Event: 1.148 Thread 0x00000280981b3000 Thread exited: 0x00000280981b3000
Event: 1.148 loading class org/joml/Quaternionfc
Event: 1.148 loading class org/joml/Quaternionfc done
Event: 1.153 loading class org/joml/Math
Event: 1.153 loading class org/joml/Math done


Dynamic libraries:
0x00007ff794650000 - 0x00007ff79465a000 	F:\dev_apps\IntelliJ IDEA Community Edition 2021.3.1\jbr\bin\java.exe
0x00007fff4a330000 - 0x00007fff4a525000 	C:\WINDOWS\SYSTEM32\ntdll.dll
0x00007fff496a0000 - 0x00007fff4975d000 	C:\WINDOWS\System32\KERNEL32.DLL
0x00007fff47b50000 - 0x00007fff47e1d000 	C:\WINDOWS\System32\KERNELBASE.dll
0x00007fff480b0000 - 0x00007fff481b0000 	C:\WINDOWS\System32\ucrtbase.dll
0x00007fff2b8a0000 - 0x00007fff2b8b9000 	F:\dev_apps\IntelliJ IDEA Community Edition 2021.3.1\jbr\bin\jli.dll
0x00007fff2cdd0000 - 0x00007fff2cde7000 	F:\dev_apps\IntelliJ IDEA Community Edition 2021.3.1\jbr\bin\VCRUNTIME140.dll
0x00007fff49b60000 - 0x00007fff49d00000 	C:\WINDOWS\System32\USER32.dll
0x00007fff48250000 - 0x00007fff48272000 	C:\WINDOWS\System32\win32u.dll
0x00007fff34760000 - 0x00007fff349fa000 	C:\WINDOWS\WinSxS\amd64_microsoft.windows.common-controls_6595b64144ccf1df_6.0.19041.1110_none_60b5254171f9507e\COMCTL32.dll
0x00007fff49670000 - 0x00007fff4969a000 	C:\WINDOWS\System32\GDI32.dll
0x00007fff493b0000 - 0x00007fff4944e000 	C:\WINDOWS\System32\msvcrt.dll
0x00007fff47a40000 - 0x00007fff47b4b000 	C:\WINDOWS\System32\gdi32full.dll
0x00007fff481b0000 - 0x00007fff4824d000 	C:\WINDOWS\System32\msvcp_win.dll
0x00007fff49de0000 - 0x00007fff49e10000 	C:\WINDOWS\System32\IMM32.DLL
0x00007fff2acc0000 - 0x00007fff2ad5d000 	F:\dev_apps\IntelliJ IDEA Community Edition 2021.3.1\jbr\bin\msvcp140.dll
0x00007fff01510000 - 0x00007fff02086000 	F:\dev_apps\IntelliJ IDEA Community Edition 2021.3.1\jbr\bin\server\jvm.dll
0x00007fff49d00000 - 0x00007fff49dae000 	C:\WINDOWS\System32\ADVAPI32.dll
0x00007fff49310000 - 0x00007fff493ac000 	C:\WINDOWS\System32\sechost.dll
0x00007fff48ea0000 - 0x00007fff48fc5000 	C:\WINDOWS\System32\RPCRT4.dll
0x00007fff49db0000 - 0x00007fff49db8000 	C:\WINDOWS\System32\PSAPI.DLL
0x00007fff2d5a0000 - 0x00007fff2d5a9000 	C:\WINDOWS\SYSTEM32\WSOCK32.dll
0x00007fff3ab20000 - 0x00007fff3ab47000 	C:\WINDOWS\SYSTEM32\WINMM.dll
0x00007fff49570000 - 0x00007fff495db000 	C:\WINDOWS\System32\WS2_32.dll
0x00007fff41850000 - 0x00007fff4185a000 	C:\WINDOWS\SYSTEM32\VERSION.dll
0x00007fff45920000 - 0x00007fff45932000 	C:\WINDOWS\SYSTEM32\kernel.appcore.dll
0x00007fff43570000 - 0x00007fff43581000 	F:\dev_apps\IntelliJ IDEA Community Edition 2021.3.1\jbr\bin\verify.dll
0x00007fff37160000 - 0x00007fff37344000 	C:\WINDOWS\SYSTEM32\DBGHELP.DLL
0x00007fff318e0000 - 0x00007fff3190c000 	C:\WINDOWS\SYSTEM32\dbgcore.DLL
0x00007fff47e90000 - 0x00007fff47f12000 	C:\WINDOWS\System32\bcryptPrimitives.dll
0x00007fff43490000 - 0x00007fff434b9000 	F:\dev_apps\IntelliJ IDEA Community Edition 2021.3.1\jbr\bin\java.dll
0x00007fff43350000 - 0x00007fff4335b000 	F:\dev_apps\IntelliJ IDEA Community Edition 2021.3.1\jbr\bin\jimage.dll
0x00007fff43040000 - 0x00007fff43058000 	F:\dev_apps\IntelliJ IDEA Community Edition 2021.3.1\jbr\bin\zip.dll
0x00007fff486f0000 - 0x00007fff48e34000 	C:\WINDOWS\System32\SHELL32.dll
0x00007fff45b20000 - 0x00007fff462b4000 	C:\WINDOWS\SYSTEM32\windows.storage.dll
0x00007fff48380000 - 0x00007fff486d4000 	C:\WINDOWS\System32\combase.dll
0x00007fff473c0000 - 0x00007fff473ec000 	C:\WINDOWS\SYSTEM32\Wldp.dll
0x00007fff497c0000 - 0x00007fff4986d000 	C:\WINDOWS\System32\SHCORE.dll
0x00007fff48e40000 - 0x00007fff48e95000 	C:\WINDOWS\System32\shlwapi.dll
0x00007fff47980000 - 0x00007fff4799f000 	C:\WINDOWS\SYSTEM32\profapi.dll
0x00007fff345c0000 - 0x00007fff345da000 	F:\dev_apps\IntelliJ IDEA Community Edition 2021.3.1\jbr\bin\net.dll
0x00007fff38cd0000 - 0x00007fff38dda000 	C:\WINDOWS\SYSTEM32\WINHTTP.dll
0x00007fff471a0000 - 0x00007fff4720a000 	C:\WINDOWS\system32\mswsock.dll
0x00007fff345a0000 - 0x00007fff345b4000 	F:\dev_apps\IntelliJ IDEA Community Edition 2021.3.1\jbr\bin\nio.dll
0x00007fff2a960000 - 0x00007fff2a9c4000 	C:\Users\thetw\AppData\Local\Temp\lwjglthetw\3.2.3-build-13\lwjgl.dll
0x00007fff15770000 - 0x00007fff157d2000 	C:\Users\thetw\AppData\Local\Temp\lwjglthetw\3.2.3-build-13\glfw.dll
0x00007fff45440000 - 0x00007fff454de000 	C:\WINDOWS\system32\uxtheme.dll
0x00007fff21a90000 - 0x00007fff21ad5000 	C:\WINDOWS\SYSTEM32\dinput8.dll
0x00007fff2cce0000 - 0x00007fff2ccf1000 	C:\WINDOWS\SYSTEM32\xinput1_4.dll
0x00007fff48280000 - 0x00007fff482ce000 	C:\WINDOWS\System32\cfgmgr32.dll
0x00007fff47810000 - 0x00007fff4783c000 	C:\WINDOWS\SYSTEM32\DEVOBJ.dll
0x00007fff45740000 - 0x00007fff4576f000 	C:\WINDOWS\SYSTEM32\dwmapi.dll
0x00007fff3ecf0000 - 0x00007fff3ee42000 	C:\WINDOWS\SYSTEM32\inputhost.dll
0x00007fff48fd0000 - 0x00007fff4909d000 	C:\WINDOWS\System32\OLEAUT32.dll
0x00007fff435d0000 - 0x00007fff436c6000 	C:\WINDOWS\SYSTEM32\PROPSYS.dll
0x00007fff43890000 - 0x00007fff439e4000 	C:\WINDOWS\SYSTEM32\wintypes.dll
0x00007fff44f50000 - 0x00007fff45042000 	C:\WINDOWS\SYSTEM32\CoreMessaging.dll
0x00007fff44bf0000 - 0x00007fff44f4e000 	C:\WINDOWS\SYSTEM32\CoreUIComponents.dll
0x00007fff46700000 - 0x00007fff46733000 	C:\WINDOWS\SYSTEM32\ntmarta.dll
0x00007fff49450000 - 0x00007fff49565000 	C:\WINDOWS\System32\MSCTF.dll
0x00007fff462c0000 - 0x00007fff462cd000 	C:\WINDOWS\SYSTEM32\HID.DLL
0x00007fff49e10000 - 0x00007fff4a281000 	C:\WINDOWS\System32\SETUPAPI.DLL
0x00007fff47f20000 - 0x00007fff47f47000 	C:\WINDOWS\System32\bcrypt.dll
0x00007fff47e20000 - 0x00007fff47e88000 	C:\WINDOWS\System32\WINTRUST.dll
0x00007fff47f50000 - 0x00007fff480a6000 	C:\WINDOWS\System32\CRYPT32.dll
0x00007fff47630000 - 0x00007fff47642000 	C:\WINDOWS\SYSTEM32\MSASN1.dll
0x00007fff013e0000 - 0x00007fff01506000 	C:\WINDOWS\SYSTEM32\opengl32.dll
0x00007fff1e350000 - 0x00007fff1e37c000 	C:\WINDOWS\SYSTEM32\GLU32.dll
0x00007fff490a0000 - 0x00007fff49149000 	C:\WINDOWS\System32\clbcatq.dll
0x00007ffee5d30000 - 0x00007ffee8d58000 	C:\WINDOWS\System32\DriverStore\FileRepository\nv_dispi.inf_amd64_4d7400884d0d52e3\nvoglv64.dll
0x00007fff491e0000 - 0x00007fff4930a000 	C:\WINDOWS\System32\ole32.dll
0x00007fff43730000 - 0x00007fff43744000 	C:\WINDOWS\SYSTEM32\WTSAPI32.dll
0x00007fff47330000 - 0x00007fff4733c000 	C:\WINDOWS\SYSTEM32\CRYPTBASE.DLL
0x00007fff41780000 - 0x00007fff417b1000 	C:\WINDOWS\SYSTEM32\cryptnet.dll
0x00007fff41580000 - 0x00007fff416c8000 	C:\WINDOWS\SYSTEM32\drvstore.dll
0x00007fff3f690000 - 0x00007fff3f6cb000 	C:\WINDOWS\SYSTEM32\dxcore.dll
0x00007ffebb0e0000 - 0x00007ffebb3a7000 	C:\WINDOWS\system32\nvspcap64.dll
0x00007fff46fd0000 - 0x00007fff4701b000 	C:\WINDOWS\SYSTEM32\powrprof.dll
0x00007fff46e40000 - 0x00007fff46e52000 	C:\WINDOWS\SYSTEM32\UMPDC.dll
0x00007fff46800000 - 0x00007fff4685a000 	C:\WINDOWS\SYSTEM32\WINSTA.dll
0x00007fff3ee50000 - 0x00007fff3ef49000 	C:\WINDOWS\SYSTEM32\textinputframework.dll
0x00007fff155e0000 - 0x00007fff15639000 	C:\Users\thetw\AppData\Local\Temp\lwjglthetw\3.2.3-build-13\lwjgl_opengl.dll

dbghelp: loaded successfully - version: 4.0.5 - missing functions: none
symbol engine: initialized successfully - sym options: 0x614 - pdb path: .;F:\dev_apps\IntelliJ IDEA Community Edition 2021.3.1\jbr\bin;C:\WINDOWS\SYSTEM32;C:\WINDOWS\WinSxS\amd64_microsoft.windows.common-controls_6595b64144ccf1df_6.0.19041.1110_none_60b5254171f9507e;F:\dev_apps\IntelliJ IDEA Community Edition 2021.3.1\jbr\bin\server;C:\Users\thetw\AppData\Local\Temp\lwjglthetw\3.2.3-build-13;C:\WINDOWS\System32\DriverStore\FileRepository\nv_dispi.inf_amd64_4d7400884d0d52e3

VM Arguments:
jvm_args: -Dfile.encoding=windows-1252 -Duser.country=US -Duser.language=en -Duser.variant 
java_command: Main
java_class_path (initial): I:\projects\Odd\OddEngine - Copy\build\classes\java\main;I:\projects\Odd\OddEngine - Copy\build\resources\main;C:\Users\thetw\.gradle\caches\modules-2\files-2.1\org.lwjgl\lwjgl-assimp\3.2.3\f62aa07a20afbdd3097efc296c4841e0d29700eb\lwjgl-assimp-3.2.3.jar;C:\Users\thetw\.gradle\caches\modules-2\files-2.1\org.lwjgl\lwjgl-assimp\3.2.3\4e60aeb75f0343c4a9ede4ef8b6b32ca702a00a3\lwjgl-assimp-3.2.3-natives-windows.jar;C:\Users\thetw\.gradle\caches\modules-2\files-2.1\org.lwjgl\lwjgl-glfw\3.2.3\5e520d5c290c8b012545a8d34fa5db5ab051ea53\lwjgl-glfw-3.2.3.jar;C:\Users\thetw\.gradle\caches\modules-2\files-2.1\org.lwjgl\lwjgl-glfw\3.2.3\b4d8a3477cdc2edcf7a5f1e822926be846223f54\lwjgl-glfw-3.2.3-natives-windows.jar;C:\Users\thetw\.gradle\caches\modules-2\files-2.1\org.lwjgl\lwjgl-nfd\3.2.3\c44fee1043c022cf6614a28872d44cf114ca7737\lwjgl-nfd-3.2.3.jar;C:\Users\thetw\.gradle\caches\modules-2\files-2.1\org.lwjgl\lwjgl-nfd\3.2.3\32782f5f5c57769efb82af864e70b819c77bc891\lwjgl-nfd-3.2.3-natives-windows.jar;C:\Users\thetw\.gradle\caches\modules-2\files-2.1\org.lwjgl\lwjgl-openal\3.2.3\106742e805803ab9eab8e343f0fb31a3d263903c\lwjgl-openal-3.2.3.jar;C:\Users\thetw\.gradle\caches\modules-2\files-2.1\org.lwjgl\lwjgl-openal\3.2.3\ec898e8ce11b5886f4f532a1536283ef2817758d\lwjgl-openal-3.2.3-natives-windows.jar;C:\Users\thetw\.gradle\caches\modules-2\files-2.1\org.lwjgl\lwjgl-opengl\3.2.3\bdd534a323d0c8f54969b95e424b6ac8984f7d6e\lwjgl-opengl-3.2.3.jar;C:\Users\thetw\.gradle\caches\modules-2\files-2.1\org.lwjgl\lwjgl-opengl\3.2.3\e81cfc73ec8708e5e791ed770e4ec3edfc1bbab1\lwjgl-opengl-3.2.3-natives-windows.jar;C:\Users\thetw\.gradle\caches\modules-2\files-2.1\org.lwjgl\lwjgl-stb\3.2.3\40eccaa4fa86fc815f2e17946a392fb5fdcc286a\lwjgl-stb-3.2.3.jar;C:\Users\thetw\.gradle\caches\modules-2\files-2.1\org.lwjgl\lwjgl-stb\3.2.3\817b21ec286f0ba3dcedb56a3bd275e6a9345be9\lwjgl-stb-3.2.3-natives-windows.jar;C:\Users\thetw\.gradle\caches\modules-2\files-2.1\org.lwjgl\lwjgl\3.2.3\17a59ba0
Launcher Type: SUN_STANDARD

[Global flags]
     intx CICompilerCount                          = 4                                         {product} {ergonomic}
     uint ConcGCThreads                            = 3                                         {product} {ergonomic}
     uint G1ConcRefinementThreads                  = 10                                        {product} {ergonomic}
   size_t G1HeapRegionSize                         = 1048576                                   {product} {ergonomic}
    uintx GCDrainStackTargetSize                   = 64                                        {product} {ergonomic}
   size_t InitialHeapSize                          = 268435456                                 {product} {ergonomic}
   size_t MarkStackSize                            = 4194304                                   {product} {ergonomic}
   size_t MaxHeapSize                              = 4278190080                                {product} {ergonomic}
   size_t MaxNewSize                               = 2566914048                                {product} {ergonomic}
   size_t MinHeapDeltaBytes                        = 1048576                                   {product} {ergonomic}
    uintx NonNMethodCodeHeapSize                   = 5836300                                {pd product} {ergonomic}
    uintx NonProfiledCodeHeapSize                  = 122910970                              {pd product} {ergonomic}
    uintx ProfiledCodeHeapSize                     = 122910970                              {pd product} {ergonomic}
    uintx ReservedCodeCacheSize                    = 251658240                              {pd product} {ergonomic}
     bool SegmentedCodeCache                       = true                                      {product} {ergonomic}
     bool UseCompressedClassPointers               = true                                 {lp64_product} {ergonomic}
     bool UseCompressedOops                        = true                                 {lp64_product} {ergonomic}
     bool UseG1GC                                  = true                                      {product} {ergonomic}
     bool UseLargePagesIndividualAllocation        = false                                  {pd product} {ergonomic}

Logging:
Log output configuration:
 #0: stdout all=warning uptime,level,tags
 #1: stderr all=off uptime,level,tags

Environment Variables:
PATH=C:\Program Files\ImageMagick-7.1.0-Q16-HDRI;C:\Program Files (x86)\Common Files\Oracle\Java\javapath;C:\Program Files (x86)\Razer Chroma SDK\bin;C:\Program Files\Razer Chroma SDK\bin;C:\Program Files (x86)\Razer\ChromaBroadcast\bin;C:\Program Files\Razer\ChromaBroadcast\bin;C:\Python39\Scripts\;C:\Python39\;C:\Windows\system32;C:\Windows;C:\Windows\System32\Wbem;C:\Windows\System32\WindowsPowerShell\v1.0\;C:\Windows\System32\OpenSSH\;C:\Program Files\nodejs\;C:\ProgramData\chocolatey\bin;F:\utils\Git\cmd;C:\Program Files\NVIDIA Corporation\NVIDIA NvDLISR;C:\Program Files (x86)\NVIDIA Corporation\PhysX\Common;C:\WINDOWS\system32;C:\WINDOWS;C:\WINDOWS\System32\Wbem;C:\WINDOWS\System32\WindowsPowerShell\v1.0\;C:\WINDOWS\System32\OpenSSH\;C:\WINDOWS\system32\config\systemprofile\AppData\Local\Microsoft\WindowsApps;C:\Program Files\Microsoft\Web Platform Installer\;F:\packages\;C:\Users\thetw\AppData\Local\Microsoft\WindowsApps;C:\Users\thetw\AppData\Local\Programs\Microsoft VS Code\bin;C:\Users\thetw\AppData\Roaming\npm;I:\projects\BIG_Brother_is_watching\cv\venv\Scripts;F:\packages\Tesseract-OCR;C:\path_apps;F:\packages\msys2\clang64\bin;F:\packages\g__\MinGW\binn;F:\win apps\github_cli\;F:\dev_apps\PostgreSQL\14\bin;F:\dev_apps\IntelliJ IDEA Community Edition 2021.3.1\bin;;C:\Users\thetw\AppData\Local\Yarn\bin;C:\Gradle\gradle-7.4.2\bin;
USERNAME=thetw
OS=Windows_NT
PROCESSOR_IDENTIFIER=AMD64 Family 23 Model 8 Stepping 2, AuthenticAMD



---------------  S Y S T E M  ---------------

OS: Windows 10 , 64 bit Build 19041 (10.0.19041.1706)
OS uptime: 0 days 18:09 hours
Hyper-V role detected

CPU:total 12 (initial active 12) (12 cores per cpu, 2 threads per core) family 23 model 8 stepping 2 microcode 0x0, cmov, cx8, fxsr, mmx, sse, sse2, sse3, ssse3, sse4.1, sse4.2, popcnt, avx, avx2, aes, clmul, mmxext, 3dnowpref, lzcnt, sse4a, ht, tsc, tscinvbit, tscinv, bmi1, bmi2, adx, sha, fma

Memory: 4k page, system-wide physical 16314M (7334M free)
TotalPageFile size 26042M (AvailPageFile size 11898M)
current process WorkingSet (physical memory assigned to process): 133M, peak: 135M
current process commit charge ("private bytes"): 427M, peak: 430M

vm_info: OpenJDK 64-Bit Server VM (11.0.13+7-b1751.21) for windows-amd64 JRE (11.0.13+7-b1751.21), built on Nov 30 2021 02:32:50 by "" with MS VC++ 14.0 (VS2015)

END.
